2025-06-02 22:12:14,253:WARNING:
'cuml' is a soft dependency and not included in the pycaret installation. Please run: `pip install cuml` to install.
2025-06-02 22:12:14,253:WARNING:
'cuml' is a soft dependency and not included in the pycaret installation. Please run: `pip install cuml` to install.
2025-06-02 22:12:14,253:WARNING:
'cuml' is a soft dependency and not included in the pycaret installation. Please run: `pip install cuml` to install.
2025-06-02 22:12:14,253:WARNING:
'cuml' is a soft dependency and not included in the pycaret installation. Please run: `pip install cuml` to install.
2025-06-02 22:12:15,762:INFO:PyCaret ClusteringExperiment
2025-06-02 22:12:15,762:INFO:Logging name: cluster-default-name
2025-06-02 22:12:15,762:INFO:ML Usecase: MLUsecase.CLUSTERING
2025-06-02 22:12:15,762:INFO:version 3.3.2
2025-06-02 22:12:15,762:INFO:Initializing setup()
2025-06-02 22:12:15,763:INFO:self.USI: 1c4b
2025-06-02 22:12:15,763:INFO:self._variable_keys: {'gpu_n_jobs_param', '_available_plots', 'idx', '_ml_usecase', 'html_param', 'seed', 'gpu_param', 'n_jobs_param', 'data', 'memory', 'pipeline', 'logging_param', 'log_plots_param', 'X', 'exp_name_log', 'exp_id', 'USI'}
2025-06-02 22:12:15,763:INFO:Checking environment
2025-06-02 22:12:15,763:INFO:python_version: 3.11.0
2025-06-02 22:12:15,763:INFO:python_build: ('main', 'Oct 24 2022 18:26:48')
2025-06-02 22:12:15,763:INFO:machine: AMD64
2025-06-02 22:12:15,785:INFO:platform: Windows-10-10.0.26100-SP0
2025-06-02 22:12:15,803:INFO:Memory: svmem(total=16438312960, available=2431979520, percent=85.2, used=14006333440, free=2431979520)
2025-06-02 22:12:15,803:INFO:Physical Core: 8
2025-06-02 22:12:15,803:INFO:Logical Core: 16
2025-06-02 22:12:15,803:INFO:Checking libraries
2025-06-02 22:12:15,803:INFO:System:
2025-06-02 22:12:15,803:INFO:    python: 3.11.0 (main, Oct 24 2022, 18:26:48) [MSC v.1933 64 bit (AMD64)]
2025-06-02 22:12:15,803:INFO:executable: C:\env\ml\Scripts\python.exe
2025-06-02 22:12:15,803:INFO:   machine: Windows-10-10.0.26100-SP0
2025-06-02 22:12:15,803:INFO:PyCaret required dependencies:
2025-06-02 22:12:15,869:INFO:                 pip: 22.3
2025-06-02 22:12:15,869:INFO:          setuptools: 65.5.0
2025-06-02 22:12:15,869:INFO:             pycaret: 3.3.2
2025-06-02 22:12:15,869:INFO:             IPython: 9.2.0
2025-06-02 22:12:15,869:INFO:          ipywidgets: 8.1.7
2025-06-02 22:12:15,869:INFO:                tqdm: 4.67.1
2025-06-02 22:12:15,869:INFO:               numpy: 1.26.4
2025-06-02 22:12:15,869:INFO:              pandas: 2.1.4
2025-06-02 22:12:15,869:INFO:              jinja2: 3.1.6
2025-06-02 22:12:15,869:INFO:               scipy: 1.11.4
2025-06-02 22:12:15,869:INFO:              joblib: 1.3.2
2025-06-02 22:12:15,869:INFO:             sklearn: 1.4.2
2025-06-02 22:12:15,869:INFO:                pyod: 2.0.5
2025-06-02 22:12:15,869:INFO:            imblearn: 0.13.0
2025-06-02 22:12:15,870:INFO:   category_encoders: 2.7.0
2025-06-02 22:12:15,870:INFO:            lightgbm: 4.6.0
2025-06-02 22:12:15,870:INFO:               numba: 0.61.0
2025-06-02 22:12:15,870:INFO:            requests: 2.32.3
2025-06-02 22:12:15,870:INFO:          matplotlib: 3.7.5
2025-06-02 22:12:15,870:INFO:          scikitplot: 0.3.7
2025-06-02 22:12:15,870:INFO:         yellowbrick: 1.5
2025-06-02 22:12:15,870:INFO:              plotly: 5.24.1
2025-06-02 22:12:15,870:INFO:    plotly-resampler: Not installed
2025-06-02 22:12:15,870:INFO:             kaleido: 0.2.1
2025-06-02 22:12:15,870:INFO:           schemdraw: 0.15
2025-06-02 22:12:15,870:INFO:         statsmodels: 0.14.4
2025-06-02 22:12:15,870:INFO:              sktime: 0.26.0
2025-06-02 22:12:15,870:INFO:               tbats: 1.1.3
2025-06-02 22:12:15,870:INFO:            pmdarima: 2.0.4
2025-06-02 22:12:15,870:INFO:              psutil: 7.0.0
2025-06-02 22:12:15,870:INFO:          markupsafe: 3.0.2
2025-06-02 22:12:15,870:INFO:             pickle5: Not installed
2025-06-02 22:12:15,870:INFO:         cloudpickle: 3.1.1
2025-06-02 22:12:15,870:INFO:         deprecation: 2.1.0
2025-06-02 22:12:15,870:INFO:              xxhash: 3.5.0
2025-06-02 22:12:15,870:INFO:           wurlitzer: Not installed
2025-06-02 22:12:15,870:INFO:PyCaret optional dependencies:
2025-06-02 22:12:16,019:INFO:                shap: 0.44.1
2025-06-02 22:12:16,019:INFO:           interpret: 0.6.10
2025-06-02 22:12:16,020:INFO:                umap: 0.5.7
2025-06-02 22:12:16,020:INFO:     ydata_profiling: 4.16.1
2025-06-02 22:12:16,020:INFO:  explainerdashboard: 0.4.8
2025-06-02 22:12:16,020:INFO:             autoviz: Not installed
2025-06-02 22:12:16,020:INFO:           fairlearn: 0.7.0
2025-06-02 22:12:16,020:INFO:          deepchecks: Not installed
2025-06-02 22:12:16,020:INFO:             xgboost: Not installed
2025-06-02 22:12:16,020:INFO:            catboost: Not installed
2025-06-02 22:12:16,020:INFO:              kmodes: Not installed
2025-06-02 22:12:16,020:INFO:             mlxtend: Not installed
2025-06-02 22:12:16,020:INFO:       statsforecast: Not installed
2025-06-02 22:12:16,020:INFO:        tune_sklearn: Not installed
2025-06-02 22:12:16,020:INFO:                 ray: Not installed
2025-06-02 22:12:16,020:INFO:            hyperopt: Not installed
2025-06-02 22:12:16,020:INFO:              optuna: Not installed
2025-06-02 22:12:16,020:INFO:               skopt: Not installed
2025-06-02 22:12:16,020:INFO:              mlflow: 2.22.0
2025-06-02 22:12:16,020:INFO:              gradio: Not installed
2025-06-02 22:12:16,020:INFO:             fastapi: 0.115.12
2025-06-02 22:12:16,020:INFO:             uvicorn: 0.34.2
2025-06-02 22:12:16,020:INFO:              m2cgen: Not installed
2025-06-02 22:12:16,020:INFO:           evidently: Not installed
2025-06-02 22:12:16,020:INFO:               fugue: Not installed
2025-06-02 22:12:16,020:INFO:           streamlit: Not installed
2025-06-02 22:12:16,020:INFO:             prophet: Not installed
2025-06-02 22:12:16,020:INFO:None
2025-06-02 22:12:16,020:INFO:Set up data.
2025-06-02 22:12:16,024:INFO:Set up index.
2025-06-02 22:12:16,025:INFO:Assigning column types.
2025-06-02 22:12:16,027:INFO:Engine successfully changes for model 'kmeans' to 'sklearn'.
2025-06-02 22:12:16,028:INFO:Engine for model 'dbscan' has not been set explicitly, hence returning None.
2025-06-02 22:12:16,028:WARNING:
'kmodes' is a soft dependency and not included in the pycaret installation. Please run: `pip install kmodes` to install.
Alternately, you can install this by running `pip install pycaret[models]`
2025-06-02 22:12:16,028:INFO:Engine for model 'dbscan' has not been set explicitly, hence returning None.
2025-06-02 22:12:16,028:WARNING:
'kmodes' is a soft dependency and not included in the pycaret installation. Please run: `pip install kmodes` to install.
Alternately, you can install this by running `pip install pycaret[models]`
2025-06-02 22:12:16,028:INFO:Engine successfully changes for model 'dbscan' to 'sklearn'.
2025-06-02 22:12:16,029:WARNING:
'kmodes' is a soft dependency and not included in the pycaret installation. Please run: `pip install kmodes` to install.
Alternately, you can install this by running `pip install pycaret[models]`
2025-06-02 22:12:16,029:WARNING:
'kmodes' is a soft dependency and not included in the pycaret installation. Please run: `pip install kmodes` to install.
Alternately, you can install this by running `pip install pycaret[models]`
2025-06-02 22:12:16,030:INFO:Preparing preprocessing pipeline...
2025-06-02 22:12:16,030:INFO:Set up simple imputation.
2025-06-02 22:12:16,030:INFO:Set up feature normalization.
2025-06-02 22:12:16,046:INFO:Finished creating preprocessing pipeline.
2025-06-02 22:12:16,050:INFO:Pipeline: Pipeline(memory=FastMemory(location=C:\Users\JOSECA~1\AppData\Local\Temp\joblib),
         steps=[('numerical_imputer',
                 TransformerWrapper(include=['edad', 'ingresos_mensuales',
                                             'gastos_mensuales', 'visitas_app',
                                             'usa_web', 'numero_tarjetas',
                                             'score_crediticio',
                                             'reclamos_anuales',
                                             'actividad_mixta'],
                                    transformer=SimpleImputer())),
                ('categorical_imputer',
                 TransformerWrapper(include=[],
                                    transformer=SimpleImputer(strategy='most_frequent'))),
                ('normalize',
                 TransformerWrapper(transformer=StandardScaler()))])
2025-06-02 22:12:16,050:INFO:Creating final display dataframe.
2025-06-02 22:12:16,065:INFO:Setup _display_container:                Description                 Value
0               Session id                   123
1      Original data shape             (2000, 9)
2   Transformed data shape             (2000, 9)
3         Numeric features                     9
4               Preprocess                  True
5          Imputation type                simple
6       Numeric imputation                  mean
7   Categorical imputation                  mode
8                Normalize                  True
9         Normalize method                zscore
10                CPU Jobs                    -1
11                 Use GPU                 False
12          Log Experiment                 False
13         Experiment Name  cluster-default-name
14                     USI                  1c4b
2025-06-02 22:12:16,069:WARNING:
'kmodes' is a soft dependency and not included in the pycaret installation. Please run: `pip install kmodes` to install.
Alternately, you can install this by running `pip install pycaret[models]`
2025-06-02 22:12:16,069:WARNING:
'kmodes' is a soft dependency and not included in the pycaret installation. Please run: `pip install kmodes` to install.
Alternately, you can install this by running `pip install pycaret[models]`
2025-06-02 22:12:16,069:INFO:setup() successfully completed in 0.32s...............
2025-06-02 22:12:16,069:INFO:Initializing create_model()
2025-06-02 22:12:16,070:INFO:create_model(self=<pycaret.clustering.oop.ClusteringExperiment object at 0x0000016A83E77350>, estimator=kmeans, num_clusters=4, fraction=0.05, ground_truth=None, round=4, fit_kwargs=None, experiment_custom_tags=None, verbose=True, system=True, add_to_model_list=True, raise_num_clusters=False, display=None, kwargs={})
2025-06-02 22:12:16,070:INFO:Checking exceptions
2025-06-02 22:12:16,081:INFO:Importing untrained model
2025-06-02 22:12:16,081:INFO:K-Means Clustering Imported successfully
2025-06-02 22:12:16,081:INFO:Fitting Model
2025-06-02 22:12:16,330:INFO:KMeans(n_clusters=4, random_state=123)
2025-06-02 22:12:16,330:INFO:create_models() successfully completed......................................
2025-06-02 22:12:16,330:INFO:Uploading results into container
2025-06-02 22:12:16,333:INFO:Uploading model into container now
2025-06-02 22:12:16,336:INFO:_master_model_container: 1
2025-06-02 22:12:16,336:INFO:_display_container: 2
2025-06-02 22:12:16,337:INFO:KMeans(n_clusters=4, random_state=123)
2025-06-02 22:12:16,337:INFO:create_model() successfully completed......................................
2025-06-02 22:12:16,440:INFO:Initializing assign_model()
2025-06-02 22:12:16,440:INFO:assign_model(self=<pycaret.clustering.oop.ClusteringExperiment object at 0x0000016A83E77350>, model=KMeans(n_clusters=4, random_state=123), transformation=False, score=True, verbose=True)
2025-06-02 22:12:16,440:INFO:Checking exceptions
2025-06-02 22:12:16,440:INFO:Determining Trained Model
2025-06-02 22:12:16,440:INFO:Trained Model : K-Means Clustering
2025-06-02 22:12:16,440:INFO:Copying data
2025-06-02 22:12:16,442:INFO:(2000, 10)
2025-06-02 22:12:16,442:INFO:assign_model() successfully completed......................................
2025-06-02 22:12:16,444:INFO:Initializing save_model()
2025-06-02 22:12:16,444:INFO:save_model(model=KMeans(n_clusters=4, random_state=123), model_name=cluster_model_clientes, prep_pipe_=Pipeline(memory=FastMemory(location=C:\Users\JOSECA~1\AppData\Local\Temp\joblib),
         steps=[('numerical_imputer',
                 TransformerWrapper(include=['edad', 'ingresos_mensuales',
                                             'gastos_mensuales', 'visitas_app',
                                             'usa_web', 'numero_tarjetas',
                                             'score_crediticio',
                                             'reclamos_anuales',
                                             'actividad_mixta'],
                                    transformer=SimpleImputer())),
                ('categorical_imputer',
                 TransformerWrapper(include=[],
                                    transformer=SimpleImputer(strategy='most_frequent'))),
                ('normalize',
                 TransformerWrapper(transformer=StandardScaler()))]), verbose=True, use_case=MLUsecase.CLUSTERING, kwargs={})
2025-06-02 22:12:16,444:INFO:Adding model into prep_pipe
2025-06-02 22:12:16,451:INFO:cluster_model_clientes.pkl saved in current working directory
2025-06-02 22:12:16,454:INFO:Pipeline(memory=Memory(location=None),
         steps=[('numerical_imputer',
                 TransformerWrapper(include=['edad', 'ingresos_mensuales',
                                             'gastos_mensuales', 'visitas_app',
                                             'usa_web', 'numero_tarjetas',
                                             'score_crediticio',
                                             'reclamos_anuales',
                                             'actividad_mixta'],
                                    transformer=SimpleImputer())),
                ('categorical_imputer',
                 TransformerWrapper(include=[],
                                    transformer=SimpleImputer(strategy='most_frequent'))),
                ('normalize', TransformerWrapper(transformer=StandardScaler())),
                ('trained_model', KMeans(n_clusters=4, random_state=123))])
2025-06-02 22:12:16,454:INFO:save_model() successfully completed......................................
2025-06-02 22:14:29,687:WARNING:
'cuml' is a soft dependency and not included in the pycaret installation. Please run: `pip install cuml` to install.
2025-06-02 22:14:29,687:WARNING:
'cuml' is a soft dependency and not included in the pycaret installation. Please run: `pip install cuml` to install.
2025-06-02 22:14:29,687:WARNING:
'cuml' is a soft dependency and not included in the pycaret installation. Please run: `pip install cuml` to install.
2025-06-02 22:14:29,687:WARNING:
'cuml' is a soft dependency and not included in the pycaret installation. Please run: `pip install cuml` to install.
2025-06-02 22:14:30,854:INFO:Initializing load_model()
2025-06-02 22:14:30,854:INFO:load_model(model_name=cluster_model_clientes, platform=None, authentication=None, verbose=True)
2025-06-02 22:18:59,343:WARNING:
'cuml' is a soft dependency and not included in the pycaret installation. Please run: `pip install cuml` to install.
2025-06-02 22:18:59,343:WARNING:
'cuml' is a soft dependency and not included in the pycaret installation. Please run: `pip install cuml` to install.
2025-06-02 22:18:59,343:WARNING:
'cuml' is a soft dependency and not included in the pycaret installation. Please run: `pip install cuml` to install.
2025-06-02 22:18:59,343:WARNING:
'cuml' is a soft dependency and not included in the pycaret installation. Please run: `pip install cuml` to install.
2025-06-02 22:19:00,567:INFO:Initializing load_model()
2025-06-02 22:19:00,567:INFO:load_model(model_name=cluster_model_clientes, platform=None, authentication=None, verbose=True)
2025-06-02 22:19:08,183:INFO:Initializing predict_model()
2025-06-02 22:19:08,183:INFO:predict_model(self=<pycaret.clustering.oop.ClusteringExperiment object at 0x000001DDB2AD6AD0>, estimator=Pipeline(memory=Memory(location=None),
         steps=[('numerical_imputer',
                 TransformerWrapper(include=['edad', 'ingresos_mensuales',
                                             'gastos_mensuales', 'visitas_app',
                                             'usa_web', 'numero_tarjetas',
                                             'score_crediticio',
                                             'reclamos_anuales',
                                             'actividad_mixta'],
                                    transformer=SimpleImputer())),
                ('categorical_imputer',
                 TransformerWrapper(include=[],
                                    transformer=SimpleImputer(strategy='most_frequent'))),
                ('normalize', TransformerWrapper(transformer=StandardScaler())),
                ('trained_model', KMeans(n_clusters=4, random_state=123))]), ml_usecase=None)
2025-06-02 22:19:08,183:INFO:Set up data.
2025-06-02 22:20:17,618:WARNING:
'cuml' is a soft dependency and not included in the pycaret installation. Please run: `pip install cuml` to install.
2025-06-02 22:20:17,619:WARNING:
'cuml' is a soft dependency and not included in the pycaret installation. Please run: `pip install cuml` to install.
2025-06-02 22:20:17,619:WARNING:
'cuml' is a soft dependency and not included in the pycaret installation. Please run: `pip install cuml` to install.
2025-06-02 22:20:17,619:WARNING:
'cuml' is a soft dependency and not included in the pycaret installation. Please run: `pip install cuml` to install.
2025-06-02 22:20:19,005:INFO:Initializing load_model()
2025-06-02 22:20:19,006:INFO:load_model(model_name=cluster_model_clientes, platform=None, authentication=None, verbose=True)
2025-06-02 22:20:40,067:WARNING:
'cuml' is a soft dependency and not included in the pycaret installation. Please run: `pip install cuml` to install.
2025-06-02 22:20:40,067:WARNING:
'cuml' is a soft dependency and not included in the pycaret installation. Please run: `pip install cuml` to install.
2025-06-02 22:20:40,067:WARNING:
'cuml' is a soft dependency and not included in the pycaret installation. Please run: `pip install cuml` to install.
2025-06-02 22:20:40,067:WARNING:
'cuml' is a soft dependency and not included in the pycaret installation. Please run: `pip install cuml` to install.
2025-06-02 22:20:41,280:INFO:Initializing load_model()
2025-06-02 22:20:41,280:INFO:load_model(model_name=cluster_model_clientes, platform=None, authentication=None, verbose=True)
2025-06-02 22:21:02,048:INFO:Initializing predict_model()
2025-06-02 22:21:02,048:INFO:predict_model(self=<pycaret.clustering.oop.ClusteringExperiment object at 0x000001AA2EF72150>, estimator=Pipeline(memory=Memory(location=None),
         steps=[('numerical_imputer',
                 TransformerWrapper(include=['edad', 'ingresos_mensuales',
                                             'gastos_mensuales', 'visitas_app',
                                             'usa_web', 'numero_tarjetas',
                                             'score_crediticio',
                                             'reclamos_anuales',
                                             'actividad_mixta'],
                                    transformer=SimpleImputer())),
                ('categorical_imputer',
                 TransformerWrapper(include=[],
                                    transformer=SimpleImputer(strategy='most_frequent'))),
                ('normalize', TransformerWrapper(transformer=StandardScaler())),
                ('trained_model', KMeans(n_clusters=4, random_state=123))]), ml_usecase=None)
2025-06-02 22:21:02,048:INFO:Set up data.
2025-06-02 22:22:05,507:WARNING:
'cuml' is a soft dependency and not included in the pycaret installation. Please run: `pip install cuml` to install.
2025-06-02 22:22:05,507:WARNING:
'cuml' is a soft dependency and not included in the pycaret installation. Please run: `pip install cuml` to install.
2025-06-02 22:22:05,507:WARNING:
'cuml' is a soft dependency and not included in the pycaret installation. Please run: `pip install cuml` to install.
2025-06-02 22:22:05,507:WARNING:
'cuml' is a soft dependency and not included in the pycaret installation. Please run: `pip install cuml` to install.
2025-06-02 22:22:06,607:INFO:Initializing load_model()
2025-06-02 22:22:06,607:INFO:load_model(model_name=cluster_model_clientes, platform=None, authentication=None, verbose=True)
2025-06-02 22:22:12,231:WARNING:
'cuml' is a soft dependency and not included in the pycaret installation. Please run: `pip install cuml` to install.
2025-06-02 22:22:12,231:WARNING:
'cuml' is a soft dependency and not included in the pycaret installation. Please run: `pip install cuml` to install.
2025-06-02 22:22:12,231:WARNING:
'cuml' is a soft dependency and not included in the pycaret installation. Please run: `pip install cuml` to install.
2025-06-02 22:22:12,231:WARNING:
'cuml' is a soft dependency and not included in the pycaret installation. Please run: `pip install cuml` to install.
2025-06-02 22:22:13,397:INFO:Initializing load_model()
2025-06-02 22:22:13,397:INFO:load_model(model_name=cluster_model_clientes, platform=None, authentication=None, verbose=True)
2025-06-02 22:23:10,751:INFO:Initializing predict_model()
2025-06-02 22:23:10,751:INFO:predict_model(self=<pycaret.clustering.oop.ClusteringExperiment object at 0x0000012584892090>, estimator=Pipeline(memory=Memory(location=None),
         steps=[('numerical_imputer',
                 TransformerWrapper(include=['edad', 'ingresos_mensuales',
                                             'gastos_mensuales', 'visitas_app',
                                             'usa_web', 'numero_tarjetas',
                                             'score_crediticio',
                                             'reclamos_anuales',
                                             'actividad_mixta'],
                                    transformer=SimpleImputer())),
                ('categorical_imputer',
                 TransformerWrapper(include=[],
                                    transformer=SimpleImputer(strategy='most_frequent'))),
                ('normalize', TransformerWrapper(transformer=StandardScaler())),
                ('trained_model', KMeans(n_clusters=4, random_state=123))]), ml_usecase=None)
2025-06-02 22:23:10,751:INFO:Set up data.
2025-06-02 22:23:23,867:INFO:Initializing predict_model()
2025-06-02 22:23:23,867:INFO:predict_model(self=<pycaret.clustering.oop.ClusteringExperiment object at 0x000001258271BED0>, estimator=Pipeline(memory=Memory(location=None),
         steps=[('numerical_imputer',
                 TransformerWrapper(include=['edad', 'ingresos_mensuales',
                                             'gastos_mensuales', 'visitas_app',
                                             'usa_web', 'numero_tarjetas',
                                             'score_crediticio',
                                             'reclamos_anuales',
                                             'actividad_mixta'],
                                    transformer=SimpleImputer())),
                ('categorical_imputer',
                 TransformerWrapper(include=[],
                                    transformer=SimpleImputer(strategy='most_frequent'))),
                ('normalize', TransformerWrapper(transformer=StandardScaler())),
                ('trained_model', KMeans(n_clusters=4, random_state=123))]), ml_usecase=None)
2025-06-02 22:23:23,867:INFO:Set up data.
2025-06-02 22:23:32,813:INFO:Initializing predict_model()
2025-06-02 22:23:32,815:INFO:predict_model(self=<pycaret.clustering.oop.ClusteringExperiment object at 0x00000125844F9410>, estimator=Pipeline(memory=Memory(location=None),
         steps=[('numerical_imputer',
                 TransformerWrapper(include=['edad', 'ingresos_mensuales',
                                             'gastos_mensuales', 'visitas_app',
                                             'usa_web', 'numero_tarjetas',
                                             'score_crediticio',
                                             'reclamos_anuales',
                                             'actividad_mixta'],
                                    transformer=SimpleImputer())),
                ('categorical_imputer',
                 TransformerWrapper(include=[],
                                    transformer=SimpleImputer(strategy='most_frequent'))),
                ('normalize', TransformerWrapper(transformer=StandardScaler())),
                ('trained_model', KMeans(n_clusters=4, random_state=123))]), ml_usecase=None)
2025-06-02 22:23:32,815:INFO:Set up data.
2025-06-02 22:23:40,474:INFO:Initializing predict_model()
2025-06-02 22:23:40,474:INFO:predict_model(self=<pycaret.clustering.oop.ClusteringExperiment object at 0x00000125844F9410>, estimator=Pipeline(memory=Memory(location=None),
         steps=[('numerical_imputer',
                 TransformerWrapper(include=['edad', 'ingresos_mensuales',
                                             'gastos_mensuales', 'visitas_app',
                                             'usa_web', 'numero_tarjetas',
                                             'score_crediticio',
                                             'reclamos_anuales',
                                             'actividad_mixta'],
                                    transformer=SimpleImputer())),
                ('categorical_imputer',
                 TransformerWrapper(include=[],
                                    transformer=SimpleImputer(strategy='most_frequent'))),
                ('normalize', TransformerWrapper(transformer=StandardScaler())),
                ('trained_model', KMeans(n_clusters=4, random_state=123))]), ml_usecase=None)
2025-06-02 22:23:40,474:INFO:Set up data.
2025-06-02 22:23:46,941:INFO:Initializing predict_model()
2025-06-02 22:23:46,941:INFO:predict_model(self=<pycaret.clustering.oop.ClusteringExperiment object at 0x00000125844F9410>, estimator=Pipeline(memory=Memory(location=None),
         steps=[('numerical_imputer',
                 TransformerWrapper(include=['edad', 'ingresos_mensuales',
                                             'gastos_mensuales', 'visitas_app',
                                             'usa_web', 'numero_tarjetas',
                                             'score_crediticio',
                                             'reclamos_anuales',
                                             'actividad_mixta'],
                                    transformer=SimpleImputer())),
                ('categorical_imputer',
                 TransformerWrapper(include=[],
                                    transformer=SimpleImputer(strategy='most_frequent'))),
                ('normalize', TransformerWrapper(transformer=StandardScaler())),
                ('trained_model', KMeans(n_clusters=4, random_state=123))]), ml_usecase=None)
2025-06-02 22:23:46,941:INFO:Set up data.
2025-06-02 22:23:53,989:INFO:Initializing predict_model()
2025-06-02 22:23:53,989:INFO:predict_model(self=<pycaret.clustering.oop.ClusteringExperiment object at 0x00000125848A8690>, estimator=Pipeline(memory=Memory(location=None),
         steps=[('numerical_imputer',
                 TransformerWrapper(include=['edad', 'ingresos_mensuales',
                                             'gastos_mensuales', 'visitas_app',
                                             'usa_web', 'numero_tarjetas',
                                             'score_crediticio',
                                             'reclamos_anuales',
                                             'actividad_mixta'],
                                    transformer=SimpleImputer())),
                ('categorical_imputer',
                 TransformerWrapper(include=[],
                                    transformer=SimpleImputer(strategy='most_frequent'))),
                ('normalize', TransformerWrapper(transformer=StandardScaler())),
                ('trained_model', KMeans(n_clusters=4, random_state=123))]), ml_usecase=None)
2025-06-02 22:23:53,989:INFO:Set up data.
2025-06-02 22:24:00,127:INFO:Initializing predict_model()
2025-06-02 22:24:00,128:INFO:predict_model(self=<pycaret.clustering.oop.ClusteringExperiment object at 0x00000125848A8690>, estimator=Pipeline(memory=Memory(location=None),
         steps=[('numerical_imputer',
                 TransformerWrapper(include=['edad', 'ingresos_mensuales',
                                             'gastos_mensuales', 'visitas_app',
                                             'usa_web', 'numero_tarjetas',
                                             'score_crediticio',
                                             'reclamos_anuales',
                                             'actividad_mixta'],
                                    transformer=SimpleImputer())),
                ('categorical_imputer',
                 TransformerWrapper(include=[],
                                    transformer=SimpleImputer(strategy='most_frequent'))),
                ('normalize', TransformerWrapper(transformer=StandardScaler())),
                ('trained_model', KMeans(n_clusters=4, random_state=123))]), ml_usecase=None)
2025-06-02 22:24:00,128:INFO:Set up data.
2025-06-02 22:24:07,166:INFO:Initializing predict_model()
2025-06-02 22:24:07,166:INFO:predict_model(self=<pycaret.clustering.oop.ClusteringExperiment object at 0x0000012584898850>, estimator=Pipeline(memory=Memory(location=None),
         steps=[('numerical_imputer',
                 TransformerWrapper(include=['edad', 'ingresos_mensuales',
                                             'gastos_mensuales', 'visitas_app',
                                             'usa_web', 'numero_tarjetas',
                                             'score_crediticio',
                                             'reclamos_anuales',
                                             'actividad_mixta'],
                                    transformer=SimpleImputer())),
                ('categorical_imputer',
                 TransformerWrapper(include=[],
                                    transformer=SimpleImputer(strategy='most_frequent'))),
                ('normalize', TransformerWrapper(transformer=StandardScaler())),
                ('trained_model', KMeans(n_clusters=4, random_state=123))]), ml_usecase=None)
2025-06-02 22:24:07,166:INFO:Set up data.
2025-06-02 22:24:14,707:INFO:Initializing predict_model()
2025-06-02 22:24:14,707:INFO:predict_model(self=<pycaret.clustering.oop.ClusteringExperiment object at 0x0000012584898850>, estimator=Pipeline(memory=Memory(location=None),
         steps=[('numerical_imputer',
                 TransformerWrapper(include=['edad', 'ingresos_mensuales',
                                             'gastos_mensuales', 'visitas_app',
                                             'usa_web', 'numero_tarjetas',
                                             'score_crediticio',
                                             'reclamos_anuales',
                                             'actividad_mixta'],
                                    transformer=SimpleImputer())),
                ('categorical_imputer',
                 TransformerWrapper(include=[],
                                    transformer=SimpleImputer(strategy='most_frequent'))),
                ('normalize', TransformerWrapper(transformer=StandardScaler())),
                ('trained_model', KMeans(n_clusters=4, random_state=123))]), ml_usecase=None)
2025-06-02 22:24:14,707:INFO:Set up data.
2025-06-02 22:24:32,556:INFO:Initializing predict_model()
2025-06-02 22:24:32,556:INFO:predict_model(self=<pycaret.clustering.oop.ClusteringExperiment object at 0x000001258461E7D0>, estimator=Pipeline(memory=Memory(location=None),
         steps=[('numerical_imputer',
                 TransformerWrapper(include=['edad', 'ingresos_mensuales',
                                             'gastos_mensuales', 'visitas_app',
                                             'usa_web', 'numero_tarjetas',
                                             'score_crediticio',
                                             'reclamos_anuales',
                                             'actividad_mixta'],
                                    transformer=SimpleImputer())),
                ('categorical_imputer',
                 TransformerWrapper(include=[],
                                    transformer=SimpleImputer(strategy='most_frequent'))),
                ('normalize', TransformerWrapper(transformer=StandardScaler())),
                ('trained_model', KMeans(n_clusters=4, random_state=123))]), ml_usecase=None)
2025-06-02 22:24:32,556:INFO:Set up data.
2025-06-02 22:24:49,395:INFO:Initializing predict_model()
2025-06-02 22:24:49,395:INFO:predict_model(self=<pycaret.clustering.oop.ClusteringExperiment object at 0x0000012584608090>, estimator=Pipeline(memory=Memory(location=None),
         steps=[('numerical_imputer',
                 TransformerWrapper(include=['edad', 'ingresos_mensuales',
                                             'gastos_mensuales', 'visitas_app',
                                             'usa_web', 'numero_tarjetas',
                                             'score_crediticio',
                                             'reclamos_anuales',
                                             'actividad_mixta'],
                                    transformer=SimpleImputer())),
                ('categorical_imputer',
                 TransformerWrapper(include=[],
                                    transformer=SimpleImputer(strategy='most_frequent'))),
                ('normalize', TransformerWrapper(transformer=StandardScaler())),
                ('trained_model', KMeans(n_clusters=4, random_state=123))]), ml_usecase=None)
2025-06-02 22:24:49,395:INFO:Set up data.
2025-06-02 22:24:50,460:INFO:Initializing predict_model()
2025-06-02 22:24:50,460:INFO:predict_model(self=<pycaret.clustering.oop.ClusteringExperiment object at 0x0000012584608090>, estimator=Pipeline(memory=Memory(location=None),
         steps=[('numerical_imputer',
                 TransformerWrapper(include=['edad', 'ingresos_mensuales',
                                             'gastos_mensuales', 'visitas_app',
                                             'usa_web', 'numero_tarjetas',
                                             'score_crediticio',
                                             'reclamos_anuales',
                                             'actividad_mixta'],
                                    transformer=SimpleImputer())),
                ('categorical_imputer',
                 TransformerWrapper(include=[],
                                    transformer=SimpleImputer(strategy='most_frequent'))),
                ('normalize', TransformerWrapper(transformer=StandardScaler())),
                ('trained_model', KMeans(n_clusters=4, random_state=123))]), ml_usecase=None)
2025-06-02 22:24:50,460:INFO:Set up data.
2025-06-02 22:25:36,425:INFO:Initializing predict_model()
2025-06-02 22:25:36,425:INFO:predict_model(self=<pycaret.clustering.oop.ClusteringExperiment object at 0x0000012584608090>, estimator=Pipeline(memory=Memory(location=None),
         steps=[('numerical_imputer',
                 TransformerWrapper(include=['edad', 'ingresos_mensuales',
                                             'gastos_mensuales', 'visitas_app',
                                             'usa_web', 'numero_tarjetas',
                                             'score_crediticio',
                                             'reclamos_anuales',
                                             'actividad_mixta'],
                                    transformer=SimpleImputer())),
                ('categorical_imputer',
                 TransformerWrapper(include=[],
                                    transformer=SimpleImputer(strategy='most_frequent'))),
                ('normalize', TransformerWrapper(transformer=StandardScaler())),
                ('trained_model', KMeans(n_clusters=4, random_state=123))]), ml_usecase=None)
2025-06-02 22:25:36,425:INFO:Set up data.
2025-06-02 22:26:03,214:WARNING:
'cuml' is a soft dependency and not included in the pycaret installation. Please run: `pip install cuml` to install.
2025-06-02 22:26:03,215:WARNING:
'cuml' is a soft dependency and not included in the pycaret installation. Please run: `pip install cuml` to install.
2025-06-02 22:26:03,215:WARNING:
'cuml' is a soft dependency and not included in the pycaret installation. Please run: `pip install cuml` to install.
2025-06-02 22:26:03,215:WARNING:
'cuml' is a soft dependency and not included in the pycaret installation. Please run: `pip install cuml` to install.
2025-06-02 22:26:04,406:INFO:Initializing load_model()
2025-06-02 22:26:04,406:INFO:load_model(model_name=cluster_model_clientes, platform=None, authentication=None, verbose=True)
2025-06-02 22:27:26,174:WARNING:
'cuml' is a soft dependency and not included in the pycaret installation. Please run: `pip install cuml` to install.
2025-06-02 22:27:26,174:WARNING:
'cuml' is a soft dependency and not included in the pycaret installation. Please run: `pip install cuml` to install.
2025-06-02 22:27:26,174:WARNING:
'cuml' is a soft dependency and not included in the pycaret installation. Please run: `pip install cuml` to install.
2025-06-02 22:27:26,174:WARNING:
'cuml' is a soft dependency and not included in the pycaret installation. Please run: `pip install cuml` to install.
2025-06-02 22:27:27,401:INFO:Initializing load_model()
2025-06-02 22:27:27,402:INFO:load_model(model_name=cluster_model_clientes, platform=None, authentication=None, verbose=True)
2025-06-02 22:27:36,473:WARNING:
'cuml' is a soft dependency and not included in the pycaret installation. Please run: `pip install cuml` to install.
2025-06-02 22:27:36,473:WARNING:
'cuml' is a soft dependency and not included in the pycaret installation. Please run: `pip install cuml` to install.
2025-06-02 22:27:36,473:WARNING:
'cuml' is a soft dependency and not included in the pycaret installation. Please run: `pip install cuml` to install.
2025-06-02 22:27:36,473:WARNING:
'cuml' is a soft dependency and not included in the pycaret installation. Please run: `pip install cuml` to install.
2025-06-02 22:27:37,721:INFO:PyCaret ClusteringExperiment
2025-06-02 22:27:37,721:INFO:Logging name: cluster-default-name
2025-06-02 22:27:37,721:INFO:ML Usecase: MLUsecase.CLUSTERING
2025-06-02 22:27:37,721:INFO:version 3.3.2
2025-06-02 22:27:37,721:INFO:Initializing setup()
2025-06-02 22:27:37,721:INFO:self.USI: 1595
2025-06-02 22:27:37,721:INFO:self._variable_keys: {'idx', 'exp_id', 'data', 'gpu_param', 'exp_name_log', '_available_plots', 'html_param', '_ml_usecase', 'n_jobs_param', 'USI', 'pipeline', 'X', 'log_plots_param', 'logging_param', 'seed', 'memory', 'gpu_n_jobs_param'}
2025-06-02 22:27:37,721:INFO:Checking environment
2025-06-02 22:27:37,721:INFO:python_version: 3.11.0
2025-06-02 22:27:37,721:INFO:python_build: ('main', 'Oct 24 2022 18:26:48')
2025-06-02 22:27:37,721:INFO:machine: AMD64
2025-06-02 22:27:37,745:INFO:platform: Windows-10-10.0.26100-SP0
2025-06-02 22:27:37,761:INFO:Memory: svmem(total=16438312960, available=2303717376, percent=86.0, used=14134595584, free=2303717376)
2025-06-02 22:27:37,761:INFO:Physical Core: 8
2025-06-02 22:27:37,761:INFO:Logical Core: 16
2025-06-02 22:27:37,762:INFO:Checking libraries
2025-06-02 22:27:37,762:INFO:System:
2025-06-02 22:27:37,762:INFO:    python: 3.11.0 (main, Oct 24 2022, 18:26:48) [MSC v.1933 64 bit (AMD64)]
2025-06-02 22:27:37,762:INFO:executable: C:\env\ml\Scripts\python.exe
2025-06-02 22:27:37,762:INFO:   machine: Windows-10-10.0.26100-SP0
2025-06-02 22:27:37,762:INFO:PyCaret required dependencies:
2025-06-02 22:27:37,822:INFO:                 pip: 22.3
2025-06-02 22:27:37,823:INFO:          setuptools: 65.5.0
2025-06-02 22:27:37,823:INFO:             pycaret: 3.3.2
2025-06-02 22:27:37,823:INFO:             IPython: 9.2.0
2025-06-02 22:27:37,823:INFO:          ipywidgets: 8.1.7
2025-06-02 22:27:37,823:INFO:                tqdm: 4.67.1
2025-06-02 22:27:37,823:INFO:               numpy: 1.26.4
2025-06-02 22:27:37,823:INFO:              pandas: 2.1.4
2025-06-02 22:27:37,823:INFO:              jinja2: 3.1.6
2025-06-02 22:27:37,823:INFO:               scipy: 1.11.4
2025-06-02 22:27:37,823:INFO:              joblib: 1.3.2
2025-06-02 22:27:37,823:INFO:             sklearn: 1.4.2
2025-06-02 22:27:37,823:INFO:                pyod: 2.0.5
2025-06-02 22:27:37,823:INFO:            imblearn: 0.13.0
2025-06-02 22:27:37,823:INFO:   category_encoders: 2.7.0
2025-06-02 22:27:37,823:INFO:            lightgbm: 4.6.0
2025-06-02 22:27:37,823:INFO:               numba: 0.61.0
2025-06-02 22:27:37,823:INFO:            requests: 2.32.3
2025-06-02 22:27:37,823:INFO:          matplotlib: 3.7.5
2025-06-02 22:27:37,823:INFO:          scikitplot: 0.3.7
2025-06-02 22:27:37,823:INFO:         yellowbrick: 1.5
2025-06-02 22:27:37,823:INFO:              plotly: 5.24.1
2025-06-02 22:27:37,823:INFO:    plotly-resampler: Not installed
2025-06-02 22:27:37,823:INFO:             kaleido: 0.2.1
2025-06-02 22:27:37,823:INFO:           schemdraw: 0.15
2025-06-02 22:27:37,823:INFO:         statsmodels: 0.14.4
2025-06-02 22:27:37,824:INFO:              sktime: 0.26.0
2025-06-02 22:27:37,824:INFO:               tbats: 1.1.3
2025-06-02 22:27:37,824:INFO:            pmdarima: 2.0.4
2025-06-02 22:27:37,824:INFO:              psutil: 7.0.0
2025-06-02 22:27:37,824:INFO:          markupsafe: 3.0.2
2025-06-02 22:27:37,824:INFO:             pickle5: Not installed
2025-06-02 22:27:37,824:INFO:         cloudpickle: 3.1.1
2025-06-02 22:27:37,824:INFO:         deprecation: 2.1.0
2025-06-02 22:27:37,824:INFO:              xxhash: 3.5.0
2025-06-02 22:27:37,824:INFO:           wurlitzer: Not installed
2025-06-02 22:27:37,824:INFO:PyCaret optional dependencies:
2025-06-02 22:27:37,968:INFO:                shap: 0.44.1
2025-06-02 22:27:37,968:INFO:           interpret: 0.6.10
2025-06-02 22:27:37,968:INFO:                umap: 0.5.7
2025-06-02 22:27:37,968:INFO:     ydata_profiling: 4.16.1
2025-06-02 22:27:37,968:INFO:  explainerdashboard: 0.4.8
2025-06-02 22:27:37,968:INFO:             autoviz: Not installed
2025-06-02 22:27:37,968:INFO:           fairlearn: 0.7.0
2025-06-02 22:27:37,968:INFO:          deepchecks: Not installed
2025-06-02 22:27:37,968:INFO:             xgboost: Not installed
2025-06-02 22:27:37,968:INFO:            catboost: Not installed
2025-06-02 22:27:37,970:INFO:              kmodes: Not installed
2025-06-02 22:27:37,970:INFO:             mlxtend: Not installed
2025-06-02 22:27:37,970:INFO:       statsforecast: Not installed
2025-06-02 22:27:37,970:INFO:        tune_sklearn: Not installed
2025-06-02 22:27:37,970:INFO:                 ray: Not installed
2025-06-02 22:27:37,970:INFO:            hyperopt: Not installed
2025-06-02 22:27:37,970:INFO:              optuna: Not installed
2025-06-02 22:27:37,970:INFO:               skopt: Not installed
2025-06-02 22:27:37,970:INFO:              mlflow: 2.22.0
2025-06-02 22:27:37,970:INFO:              gradio: Not installed
2025-06-02 22:27:37,970:INFO:             fastapi: 0.115.12
2025-06-02 22:27:37,970:INFO:             uvicorn: 0.34.2
2025-06-02 22:27:37,970:INFO:              m2cgen: Not installed
2025-06-02 22:27:37,970:INFO:           evidently: Not installed
2025-06-02 22:27:37,971:INFO:               fugue: Not installed
2025-06-02 22:27:37,971:INFO:           streamlit: Not installed
2025-06-02 22:27:37,971:INFO:             prophet: Not installed
2025-06-02 22:27:37,971:INFO:None
2025-06-02 22:27:37,971:INFO:Set up data.
2025-06-02 22:27:37,973:INFO:Set up index.
2025-06-02 22:27:37,973:INFO:Assigning column types.
2025-06-02 22:27:37,975:INFO:Engine successfully changes for model 'kmeans' to 'sklearn'.
2025-06-02 22:27:37,975:INFO:Engine for model 'dbscan' has not been set explicitly, hence returning None.
2025-06-02 22:27:37,975:WARNING:
'kmodes' is a soft dependency and not included in the pycaret installation. Please run: `pip install kmodes` to install.
Alternately, you can install this by running `pip install pycaret[models]`
2025-06-02 22:27:37,976:INFO:Engine for model 'dbscan' has not been set explicitly, hence returning None.
2025-06-02 22:27:37,976:WARNING:
'kmodes' is a soft dependency and not included in the pycaret installation. Please run: `pip install kmodes` to install.
Alternately, you can install this by running `pip install pycaret[models]`
2025-06-02 22:27:37,976:INFO:Engine successfully changes for model 'dbscan' to 'sklearn'.
2025-06-02 22:27:37,976:WARNING:
'kmodes' is a soft dependency and not included in the pycaret installation. Please run: `pip install kmodes` to install.
Alternately, you can install this by running `pip install pycaret[models]`
2025-06-02 22:27:37,976:WARNING:
'kmodes' is a soft dependency and not included in the pycaret installation. Please run: `pip install kmodes` to install.
Alternately, you can install this by running `pip install pycaret[models]`
2025-06-02 22:27:37,976:INFO:Preparing preprocessing pipeline...
2025-06-02 22:27:37,976:INFO:Set up simple imputation.
2025-06-02 22:27:37,976:INFO:Set up feature normalization.
2025-06-02 22:27:37,994:INFO:Finished creating preprocessing pipeline.
2025-06-02 22:27:37,998:INFO:Pipeline: Pipeline(memory=FastMemory(location=C:\Users\JOSECA~1\AppData\Local\Temp\joblib),
         steps=[('numerical_imputer',
                 TransformerWrapper(include=['edad', 'ingresos_mensuales',
                                             'gastos_mensuales', 'visitas_app',
                                             'usa_web', 'numero_tarjetas',
                                             'score_crediticio',
                                             'reclamos_anuales',
                                             'actividad_mixta'],
                                    transformer=SimpleImputer())),
                ('categorical_imputer',
                 TransformerWrapper(include=[],
                                    transformer=SimpleImputer(strategy='most_frequent'))),
                ('normalize',
                 TransformerWrapper(transformer=StandardScaler()))])
2025-06-02 22:27:37,998:INFO:Creating final display dataframe.
2025-06-02 22:27:38,015:INFO:Setup _display_container:                Description                 Value
0               Session id                   123
1      Original data shape             (2000, 9)
2   Transformed data shape             (2000, 9)
3         Numeric features                     9
4               Preprocess                  True
5          Imputation type                simple
6       Numeric imputation                  mean
7   Categorical imputation                  mode
8                Normalize                  True
9         Normalize method                zscore
10                CPU Jobs                    -1
11                 Use GPU                 False
12          Log Experiment                 False
13         Experiment Name  cluster-default-name
14                     USI                  1595
2025-06-02 22:27:38,018:WARNING:
'kmodes' is a soft dependency and not included in the pycaret installation. Please run: `pip install kmodes` to install.
Alternately, you can install this by running `pip install pycaret[models]`
2025-06-02 22:27:38,018:WARNING:
'kmodes' is a soft dependency and not included in the pycaret installation. Please run: `pip install kmodes` to install.
Alternately, you can install this by running `pip install pycaret[models]`
2025-06-02 22:27:38,018:INFO:setup() successfully completed in 0.3s...............
2025-06-02 22:27:38,019:INFO:Initializing create_model()
2025-06-02 22:27:38,019:INFO:create_model(self=<pycaret.clustering.oop.ClusteringExperiment object at 0x0000013196EEB210>, estimator=kmeans, num_clusters=4, fraction=0.05, ground_truth=None, round=4, fit_kwargs=None, experiment_custom_tags=None, verbose=True, system=True, add_to_model_list=True, raise_num_clusters=False, display=None, kwargs={})
2025-06-02 22:27:38,019:INFO:Checking exceptions
2025-06-02 22:27:38,031:INFO:Importing untrained model
2025-06-02 22:27:38,032:INFO:K-Means Clustering Imported successfully
2025-06-02 22:27:38,032:INFO:Fitting Model
2025-06-02 22:27:38,225:INFO:KMeans(n_clusters=4, random_state=123)
2025-06-02 22:27:38,225:INFO:create_models() successfully completed......................................
2025-06-02 22:27:38,226:INFO:Uploading results into container
2025-06-02 22:27:38,227:INFO:Uploading model into container now
2025-06-02 22:27:38,232:INFO:_master_model_container: 1
2025-06-02 22:27:38,233:INFO:_display_container: 2
2025-06-02 22:27:38,233:INFO:KMeans(n_clusters=4, random_state=123)
2025-06-02 22:27:38,233:INFO:create_model() successfully completed......................................
2025-06-02 22:27:38,327:INFO:Initializing assign_model()
2025-06-02 22:27:38,327:INFO:assign_model(self=<pycaret.clustering.oop.ClusteringExperiment object at 0x0000013196EEB210>, model=KMeans(n_clusters=4, random_state=123), transformation=False, score=True, verbose=True)
2025-06-02 22:27:38,327:INFO:Checking exceptions
2025-06-02 22:27:38,327:INFO:Determining Trained Model
2025-06-02 22:27:38,327:INFO:Trained Model : K-Means Clustering
2025-06-02 22:27:38,327:INFO:Copying data
2025-06-02 22:27:38,329:INFO:(2000, 10)
2025-06-02 22:27:38,329:INFO:assign_model() successfully completed......................................
2025-06-02 22:27:38,331:INFO:Initializing save_model()
2025-06-02 22:27:38,331:INFO:save_model(model=KMeans(n_clusters=4, random_state=123), model_name=cluster_model_clientes, prep_pipe_=Pipeline(memory=FastMemory(location=C:\Users\JOSECA~1\AppData\Local\Temp\joblib),
         steps=[('numerical_imputer',
                 TransformerWrapper(include=['edad', 'ingresos_mensuales',
                                             'gastos_mensuales', 'visitas_app',
                                             'usa_web', 'numero_tarjetas',
                                             'score_crediticio',
                                             'reclamos_anuales',
                                             'actividad_mixta'],
                                    transformer=SimpleImputer())),
                ('categorical_imputer',
                 TransformerWrapper(include=[],
                                    transformer=SimpleImputer(strategy='most_frequent'))),
                ('normalize',
                 TransformerWrapper(transformer=StandardScaler()))]), verbose=True, use_case=MLUsecase.CLUSTERING, kwargs={})
2025-06-02 22:27:38,331:INFO:Adding model into prep_pipe
2025-06-02 22:27:38,338:INFO:cluster_model_clientes.pkl saved in current working directory
2025-06-02 22:27:38,341:INFO:Pipeline(memory=Memory(location=None),
         steps=[('numerical_imputer',
                 TransformerWrapper(include=['edad', 'ingresos_mensuales',
                                             'gastos_mensuales', 'visitas_app',
                                             'usa_web', 'numero_tarjetas',
                                             'score_crediticio',
                                             'reclamos_anuales',
                                             'actividad_mixta'],
                                    transformer=SimpleImputer())),
                ('categorical_imputer',
                 TransformerWrapper(include=[],
                                    transformer=SimpleImputer(strategy='most_frequent'))),
                ('normalize', TransformerWrapper(transformer=StandardScaler())),
                ('trained_model', KMeans(n_clusters=4, random_state=123))])
2025-06-02 22:27:38,341:INFO:save_model() successfully completed......................................
2025-06-02 22:27:50,940:WARNING:
'cuml' is a soft dependency and not included in the pycaret installation. Please run: `pip install cuml` to install.
2025-06-02 22:27:50,940:WARNING:
'cuml' is a soft dependency and not included in the pycaret installation. Please run: `pip install cuml` to install.
2025-06-02 22:27:50,940:WARNING:
'cuml' is a soft dependency and not included in the pycaret installation. Please run: `pip install cuml` to install.
2025-06-02 22:27:50,940:WARNING:
'cuml' is a soft dependency and not included in the pycaret installation. Please run: `pip install cuml` to install.
2025-06-02 22:27:52,142:INFO:Initializing load_model()
2025-06-02 22:27:52,143:INFO:load_model(model_name=cluster_model_clientes, platform=None, authentication=None, verbose=True)
2025-06-02 22:28:22,866:INFO:Initializing predict_model()
2025-06-02 22:28:22,866:INFO:predict_model(self=<pycaret.clustering.oop.ClusteringExperiment object at 0x0000023EF1008E50>, estimator=Pipeline(memory=Memory(location=None),
         steps=[('numerical_imputer',
                 TransformerWrapper(include=['edad', 'ingresos_mensuales',
                                             'gastos_mensuales', 'visitas_app',
                                             'usa_web', 'numero_tarjetas',
                                             'score_crediticio',
                                             'reclamos_anuales',
                                             'actividad_mixta'],
                                    transformer=SimpleImputer())),
                ('categorical_imputer',
                 TransformerWrapper(include=[],
                                    transformer=SimpleImputer(strategy='most_frequent'))),
                ('normalize', TransformerWrapper(transformer=StandardScaler())),
                ('trained_model', KMeans(n_clusters=4, random_state=123))]), ml_usecase=None)
2025-06-02 22:28:22,867:INFO:Set up data.
2025-06-02 22:28:36,076:INFO:Initializing predict_model()
2025-06-02 22:28:36,076:INFO:predict_model(self=<pycaret.clustering.oop.ClusteringExperiment object at 0x0000023EF0C93250>, estimator=Pipeline(memory=Memory(location=None),
         steps=[('numerical_imputer',
                 TransformerWrapper(include=['edad', 'ingresos_mensuales',
                                             'gastos_mensuales', 'visitas_app',
                                             'usa_web', 'numero_tarjetas',
                                             'score_crediticio',
                                             'reclamos_anuales',
                                             'actividad_mixta'],
                                    transformer=SimpleImputer())),
                ('categorical_imputer',
                 TransformerWrapper(include=[],
                                    transformer=SimpleImputer(strategy='most_frequent'))),
                ('normalize', TransformerWrapper(transformer=StandardScaler())),
                ('trained_model', KMeans(n_clusters=4, random_state=123))]), ml_usecase=None)
2025-06-02 22:28:36,076:INFO:Set up data.
2025-06-02 22:38:10,756:WARNING:
'cuml' is a soft dependency and not included in the pycaret installation. Please run: `pip install cuml` to install.
2025-06-02 22:38:10,756:WARNING:
'cuml' is a soft dependency and not included in the pycaret installation. Please run: `pip install cuml` to install.
2025-06-02 22:38:10,756:WARNING:
'cuml' is a soft dependency and not included in the pycaret installation. Please run: `pip install cuml` to install.
2025-06-02 22:38:10,756:WARNING:
'cuml' is a soft dependency and not included in the pycaret installation. Please run: `pip install cuml` to install.
2025-06-02 22:38:11,829:INFO:Initializing load_model()
2025-06-02 22:38:11,829:INFO:load_model(model_name=cluster_model_clientes, platform=None, authentication=None, verbose=True)
