2025-06-09 22:29:59,456:WARNING:
'cuml' is a soft dependency and not included in the pycaret installation. Please run: `pip install cuml` to install.
2025-06-09 22:29:59,456:WARNING:
'cuml' is a soft dependency and not included in the pycaret installation. Please run: `pip install cuml` to install.
2025-06-09 22:29:59,457:WARNING:
'cuml' is a soft dependency and not included in the pycaret installation. Please run: `pip install cuml` to install.
2025-06-09 22:29:59,457:WARNING:
'cuml' is a soft dependency and not included in the pycaret installation. Please run: `pip install cuml` to install.
2025-06-09 22:30:03,422:INFO:PyCaret AnomalyExperiment
2025-06-09 22:30:03,422:INFO:Logging name: outlier_detection_tx
2025-06-09 22:30:03,423:INFO:ML Usecase: MLUsecase.ANOMALY
2025-06-09 22:30:03,423:INFO:version 3.3.2
2025-06-09 22:30:03,423:INFO:Initializing setup()
2025-06-09 22:30:03,423:INFO:self.USI: db78
2025-06-09 22:30:03,423:INFO:self._variable_keys: {'n_jobs_param', 'exp_name_log', 'X', 'memory', '_available_plots', 'gpu_param', 'gpu_n_jobs_param', 'log_plots_param', '_ml_usecase', 'pipeline', 'seed', 'USI', 'idx', 'exp_id', 'logging_param', 'data', 'html_param'}
2025-06-09 22:30:03,423:INFO:Checking environment
2025-06-09 22:30:03,423:INFO:python_version: 3.11.0
2025-06-09 22:30:03,423:INFO:python_build: ('main', 'Oct 24 2022 18:26:48')
2025-06-09 22:30:03,423:INFO:machine: AMD64
2025-06-09 22:30:03,451:INFO:platform: Windows-10-10.0.26100-SP0
2025-06-09 22:30:03,482:INFO:Memory: svmem(total=16438312960, available=1291202560, percent=92.1, used=15147110400, free=1291202560)
2025-06-09 22:30:03,483:INFO:Physical Core: 8
2025-06-09 22:30:03,483:INFO:Logical Core: 16
2025-06-09 22:30:03,483:INFO:Checking libraries
2025-06-09 22:30:03,483:INFO:System:
2025-06-09 22:30:03,483:INFO:    python: 3.11.0 (main, Oct 24 2022, 18:26:48) [MSC v.1933 64 bit (AMD64)]
2025-06-09 22:30:03,483:INFO:executable: C:\env\ml\Scripts\python.exe
2025-06-09 22:30:03,483:INFO:   machine: Windows-10-10.0.26100-SP0
2025-06-09 22:30:03,483:INFO:PyCaret required dependencies:
2025-06-09 22:30:03,550:INFO:                 pip: 22.3
2025-06-09 22:30:03,550:INFO:          setuptools: 65.5.0
2025-06-09 22:30:03,550:INFO:             pycaret: 3.3.2
2025-06-09 22:30:03,550:INFO:             IPython: 9.2.0
2025-06-09 22:30:03,550:INFO:          ipywidgets: 8.1.7
2025-06-09 22:30:03,550:INFO:                tqdm: 4.67.1
2025-06-09 22:30:03,550:INFO:               numpy: 1.26.4
2025-06-09 22:30:03,550:INFO:              pandas: 2.1.4
2025-06-09 22:30:03,550:INFO:              jinja2: 3.1.6
2025-06-09 22:30:03,550:INFO:               scipy: 1.11.4
2025-06-09 22:30:03,550:INFO:              joblib: 1.3.2
2025-06-09 22:30:03,550:INFO:             sklearn: 1.4.2
2025-06-09 22:30:03,550:INFO:                pyod: 2.0.5
2025-06-09 22:30:03,550:INFO:            imblearn: 0.13.0
2025-06-09 22:30:03,550:INFO:   category_encoders: 2.7.0
2025-06-09 22:30:03,550:INFO:            lightgbm: 4.6.0
2025-06-09 22:30:03,550:INFO:               numba: 0.61.0
2025-06-09 22:30:03,550:INFO:            requests: 2.32.3
2025-06-09 22:30:03,550:INFO:          matplotlib: 3.7.5
2025-06-09 22:30:03,550:INFO:          scikitplot: 0.3.7
2025-06-09 22:30:03,550:INFO:         yellowbrick: 1.5
2025-06-09 22:30:03,550:INFO:              plotly: 5.24.1
2025-06-09 22:30:03,550:INFO:    plotly-resampler: Not installed
2025-06-09 22:30:03,550:INFO:             kaleido: 0.2.1
2025-06-09 22:30:03,550:INFO:           schemdraw: 0.15
2025-06-09 22:30:03,550:INFO:         statsmodels: 0.14.4
2025-06-09 22:30:03,551:INFO:              sktime: 0.26.0
2025-06-09 22:30:03,551:INFO:               tbats: 1.1.3
2025-06-09 22:30:03,551:INFO:            pmdarima: 2.0.4
2025-06-09 22:30:03,551:INFO:              psutil: 7.0.0
2025-06-09 22:30:03,551:INFO:          markupsafe: 3.0.2
2025-06-09 22:30:03,551:INFO:             pickle5: Not installed
2025-06-09 22:30:03,551:INFO:         cloudpickle: 3.1.1
2025-06-09 22:30:03,551:INFO:         deprecation: 2.1.0
2025-06-09 22:30:03,551:INFO:              xxhash: 3.5.0
2025-06-09 22:30:03,551:INFO:           wurlitzer: Not installed
2025-06-09 22:30:03,551:INFO:PyCaret optional dependencies:
2025-06-09 22:30:03,714:INFO:                shap: 0.44.1
2025-06-09 22:30:03,714:INFO:           interpret: 0.6.10
2025-06-09 22:30:03,714:INFO:                umap: 0.5.7
2025-06-09 22:30:03,714:INFO:     ydata_profiling: 4.16.1
2025-06-09 22:30:03,715:INFO:  explainerdashboard: 0.4.8
2025-06-09 22:30:03,715:INFO:             autoviz: Not installed
2025-06-09 22:30:03,715:INFO:           fairlearn: 0.7.0
2025-06-09 22:30:03,715:INFO:          deepchecks: Not installed
2025-06-09 22:30:03,715:INFO:             xgboost: Not installed
2025-06-09 22:30:03,715:INFO:            catboost: Not installed
2025-06-09 22:30:03,715:INFO:              kmodes: Not installed
2025-06-09 22:30:03,715:INFO:             mlxtend: Not installed
2025-06-09 22:30:03,715:INFO:       statsforecast: Not installed
2025-06-09 22:30:03,715:INFO:        tune_sklearn: Not installed
2025-06-09 22:30:03,715:INFO:                 ray: Not installed
2025-06-09 22:30:03,715:INFO:            hyperopt: Not installed
2025-06-09 22:30:03,715:INFO:              optuna: Not installed
2025-06-09 22:30:03,715:INFO:               skopt: Not installed
2025-06-09 22:30:03,715:INFO:              mlflow: 2.22.0
2025-06-09 22:30:03,715:INFO:              gradio: Not installed
2025-06-09 22:30:03,715:INFO:             fastapi: 0.115.12
2025-06-09 22:30:03,715:INFO:             uvicorn: 0.34.2
2025-06-09 22:30:03,715:INFO:              m2cgen: Not installed
2025-06-09 22:30:03,715:INFO:           evidently: Not installed
2025-06-09 22:30:03,715:INFO:               fugue: Not installed
2025-06-09 22:30:03,715:INFO:           streamlit: 1.45.1
2025-06-09 22:30:03,715:INFO:             prophet: Not installed
2025-06-09 22:30:03,715:INFO:None
2025-06-09 22:30:03,715:INFO:Set up data.
2025-06-09 22:30:03,717:INFO:Set up index.
2025-06-09 22:30:03,718:INFO:Assigning column types.
2025-06-09 22:30:03,720:INFO:Engine successfully changes for model 'kmeans' to 'sklearn'.
2025-06-09 22:30:05,610:INFO:Engine successfully changes for model 'dbscan' to 'sklearn'.
2025-06-09 22:30:05,612:INFO:Preparing preprocessing pipeline...
2025-06-09 22:30:05,612:INFO:Set up simple imputation.
2025-06-09 22:30:05,614:INFO:Set up encoding of categorical features.
2025-06-09 22:30:05,662:INFO:Finished creating preprocessing pipeline.
2025-06-09 22:30:05,668:INFO:Pipeline: Pipeline(memory=FastMemory(location=C:\Users\JOSECA~1\AppData\Local\Temp\joblib),
         steps=[('numerical_imputer',
                 TransformerWrapper(include=['amount_usd', 'hour',
                                             'is_foreign'],
                                    transformer=SimpleImputer())),
                ('categorical_imputer',
                 TransformerWrapper(include=['merchant_category',
                                             'day_of_week'],
                                    transformer=SimpleImputer(strategy='most_frequent'))),
                ('onehot_encoding',
                 TransformerWrapper(include=['merchant_category',
                                             'day_of_week'],
                                    transformer=OneHotEncoder(cols=['merchant_category',
                                                                    'day_of_week'],
                                                              handle_missing='return_nan',
                                                              use_cat_names=True)))])
2025-06-09 22:30:05,668:INFO:Creating final display dataframe.
2025-06-09 22:30:05,715:INFO:Setup _display_container:                  Description                 Value
0                 Session id                    42
1        Original data shape              (505, 5)
2     Transformed data shape             (505, 15)
3           Numeric features                     3
4       Categorical features                     2
5                 Preprocess                  True
6            Imputation type                simple
7         Numeric imputation                  mean
8     Categorical imputation                  mode
9   Maximum one-hot encoding                    -1
10           Encoding method                  None
11                  CPU Jobs                    -1
12                   Use GPU                 False
13            Log Experiment          MlflowLogger
14           Experiment Name  outlier_detection_tx
15                       USI                  db78
2025-06-09 22:30:05,722:INFO:Logging experiment in loggers
2025-06-09 22:30:06,323:INFO:SubProcess save_model() called ==================================
2025-06-09 22:30:06,331:INFO:Initializing save_model()
2025-06-09 22:30:06,331:INFO:save_model(model=Pipeline(memory=FastMemory(location=C:\Users\JOSECA~1\AppData\Local\Temp\joblib),
         steps=[('numerical_imputer',
                 TransformerWrapper(include=['amount_usd', 'hour',
                                             'is_foreign'],
                                    transformer=SimpleImputer())),
                ('categorical_imputer',
                 TransformerWrapper(include=['merchant_category',
                                             'day_of_week'],
                                    transformer=SimpleImputer(strategy='most_frequent'))),
                ('onehot_encoding',
                 TransformerWrapper(include=['merchant_category',
                                             'day_of_week'],
                                    transformer=OneHotEncoder(cols=['merchant_category',
                                                                    'day_of_week'],
                                                              handle_missing='return_nan',
                                                              use_cat_names=True)))]), model_name=C:\Users\JOSECA~1\AppData\Local\Temp\tmprtj3h5on\Transformation Pipeline, prep_pipe_=Pipeline(memory=FastMemory(location=C:\Users\JOSECA~1\AppData\Local\Temp\joblib),
         steps=[('numerical_imputer',
                 TransformerWrapper(include=['amount_usd', 'hour',
                                             'is_foreign'],
                                    transformer=SimpleImputer())),
                ('categorical_imputer',
                 TransformerWrapper(include=['merchant_category',
                                             'day_of_week'],
                                    transformer=SimpleImputer(strategy='most_frequent'))),
                ('onehot_encoding',
                 TransformerWrapper(include=['merchant_category',
                                             'day_of_week'],
                                    transformer=OneHotEncoder(cols=['merchant_category',
                                                                    'day_of_week'],
                                                              handle_missing='return_nan',
                                                              use_cat_names=True)))]), verbose=False, use_case=MLUsecase.ANOMALY, kwargs={})
2025-06-09 22:30:06,331:INFO:Adding model into prep_pipe
2025-06-09 22:30:06,331:WARNING:Only Model saved as it was a pipeline.
2025-06-09 22:30:06,341:INFO:C:\Users\JOSECA~1\AppData\Local\Temp\tmprtj3h5on\Transformation Pipeline.pkl saved in current working directory
2025-06-09 22:30:06,344:INFO:Pipeline(memory=FastMemory(location=C:\Users\JOSECA~1\AppData\Local\Temp\joblib),
         steps=[('numerical_imputer',
                 TransformerWrapper(include=['amount_usd', 'hour',
                                             'is_foreign'],
                                    transformer=SimpleImputer())),
                ('categorical_imputer',
                 TransformerWrapper(include=['merchant_category',
                                             'day_of_week'],
                                    transformer=SimpleImputer(strategy='most_frequent'))),
                ('onehot_encoding',
                 TransformerWrapper(include=['merchant_category',
                                             'day_of_week'],
                                    transformer=OneHotEncoder(cols=['merchant_category',
                                                                    'day_of_week'],
                                                              handle_missing='return_nan',
                                                              use_cat_names=True)))])
2025-06-09 22:30:06,344:INFO:save_model() successfully completed......................................
2025-06-09 22:30:06,454:INFO:SubProcess save_model() end ==================================
2025-06-09 22:30:06,527:INFO:setup() successfully completed in 2.31s...............
2025-06-09 22:30:06,527:INFO:Initializing create_model()
2025-06-09 22:30:06,527:INFO:create_model(self=<pycaret.anomaly.oop.AnomalyExperiment object at 0x00000273FCAC43D0>, estimator=iforest, num_clusters=4, fraction=0.05, ground_truth=None, round=4, fit_kwargs=None, experiment_custom_tags=None, verbose=True, system=True, add_to_model_list=True, raise_num_clusters=False, display=None, kwargs={})
2025-06-09 22:30:06,527:INFO:Checking exceptions
2025-06-09 22:30:06,562:INFO:Importing untrained model
2025-06-09 22:30:06,562:INFO:Isolation Forest Imported successfully
2025-06-09 22:30:06,563:INFO:Fitting Model
2025-06-09 22:30:06,730:INFO:IForest(behaviour='new', bootstrap=False, contamination=0.05,
    max_features=1.0, max_samples='auto', n_estimators=100, n_jobs=-1,
    random_state=42, verbose=0)
2025-06-09 22:30:06,730:INFO:create_models() successfully completed......................................
2025-06-09 22:30:06,730:INFO:Creating Dashboard logs
2025-06-09 22:30:06,730:INFO:Model: Isolation Forest
2025-06-09 22:30:06,802:INFO:Logged params: {'behaviour': 'new', 'bootstrap': False, 'contamination': 0.05, 'max_features': 1.0, 'max_samples': 'auto', 'n_estimators': 100, 'n_jobs': -1, 'random_state': 42, 'verbose': 0}
2025-06-09 22:30:06,978:WARNING:C:\env\ml\Lib\site-packages\_distutils_hack\__init__.py:33: UserWarning: Setuptools is replacing distutils.
  warnings.warn("Setuptools is replacing distutils.")

2025-06-09 22:30:08,600:INFO:Uploading results into container
2025-06-09 22:30:08,600:INFO:Uploading model into container now
2025-06-09 22:30:08,600:INFO:_master_model_container: 1
2025-06-09 22:30:08,600:INFO:_display_container: 1
2025-06-09 22:30:08,600:INFO:IForest(behaviour='new', bootstrap=False, contamination=0.05,
    max_features=1.0, max_samples='auto', n_estimators=100, n_jobs=-1,
    random_state=42, verbose=0)
2025-06-09 22:30:08,600:INFO:create_model() successfully completed......................................
2025-06-09 22:30:26,591:WARNING:
'cuml' is a soft dependency and not included in the pycaret installation. Please run: `pip install cuml` to install.
2025-06-09 22:30:26,591:WARNING:
'cuml' is a soft dependency and not included in the pycaret installation. Please run: `pip install cuml` to install.
2025-06-09 22:30:26,591:WARNING:
'cuml' is a soft dependency and not included in the pycaret installation. Please run: `pip install cuml` to install.
2025-06-09 22:30:26,591:WARNING:
'cuml' is a soft dependency and not included in the pycaret installation. Please run: `pip install cuml` to install.
2025-06-09 22:30:30,402:INFO:PyCaret AnomalyExperiment
2025-06-09 22:30:30,402:INFO:Logging name: outlier_detection_tx
2025-06-09 22:30:30,402:INFO:ML Usecase: MLUsecase.ANOMALY
2025-06-09 22:30:30,402:INFO:version 3.3.2
2025-06-09 22:30:30,403:INFO:Initializing setup()
2025-06-09 22:30:30,403:INFO:self.USI: fd4b
2025-06-09 22:30:30,403:INFO:self._variable_keys: {'idx', '_ml_usecase', '_available_plots', 'data', 'n_jobs_param', 'memory', 'log_plots_param', 'logging_param', 'gpu_param', 'html_param', 'pipeline', 'gpu_n_jobs_param', 'X', 'seed', 'exp_id', 'USI', 'exp_name_log'}
2025-06-09 22:30:30,403:INFO:Checking environment
2025-06-09 22:30:30,403:INFO:python_version: 3.11.0
2025-06-09 22:30:30,403:INFO:python_build: ('main', 'Oct 24 2022 18:26:48')
2025-06-09 22:30:30,403:INFO:machine: AMD64
2025-06-09 22:30:30,433:INFO:platform: Windows-10-10.0.26100-SP0
2025-06-09 22:30:30,463:INFO:Memory: svmem(total=16438312960, available=1146531840, percent=93.0, used=15291781120, free=1146531840)
2025-06-09 22:30:30,463:INFO:Physical Core: 8
2025-06-09 22:30:30,463:INFO:Logical Core: 16
2025-06-09 22:30:30,463:INFO:Checking libraries
2025-06-09 22:30:30,463:INFO:System:
2025-06-09 22:30:30,463:INFO:    python: 3.11.0 (main, Oct 24 2022, 18:26:48) [MSC v.1933 64 bit (AMD64)]
2025-06-09 22:30:30,463:INFO:executable: C:\env\ml\Scripts\python.exe
2025-06-09 22:30:30,463:INFO:   machine: Windows-10-10.0.26100-SP0
2025-06-09 22:30:30,463:INFO:PyCaret required dependencies:
2025-06-09 22:30:30,530:INFO:                 pip: 22.3
2025-06-09 22:30:30,530:INFO:          setuptools: 65.5.0
2025-06-09 22:30:30,530:INFO:             pycaret: 3.3.2
2025-06-09 22:30:30,530:INFO:             IPython: 9.2.0
2025-06-09 22:30:30,530:INFO:          ipywidgets: 8.1.7
2025-06-09 22:30:30,530:INFO:                tqdm: 4.67.1
2025-06-09 22:30:30,530:INFO:               numpy: 1.26.4
2025-06-09 22:30:30,530:INFO:              pandas: 2.1.4
2025-06-09 22:30:30,530:INFO:              jinja2: 3.1.6
2025-06-09 22:30:30,530:INFO:               scipy: 1.11.4
2025-06-09 22:30:30,530:INFO:              joblib: 1.3.2
2025-06-09 22:30:30,530:INFO:             sklearn: 1.4.2
2025-06-09 22:30:30,530:INFO:                pyod: 2.0.5
2025-06-09 22:30:30,530:INFO:            imblearn: 0.13.0
2025-06-09 22:30:30,530:INFO:   category_encoders: 2.7.0
2025-06-09 22:30:30,530:INFO:            lightgbm: 4.6.0
2025-06-09 22:30:30,530:INFO:               numba: 0.61.0
2025-06-09 22:30:30,530:INFO:            requests: 2.32.3
2025-06-09 22:30:30,530:INFO:          matplotlib: 3.7.5
2025-06-09 22:30:30,530:INFO:          scikitplot: 0.3.7
2025-06-09 22:30:30,530:INFO:         yellowbrick: 1.5
2025-06-09 22:30:30,530:INFO:              plotly: 5.24.1
2025-06-09 22:30:30,530:INFO:    plotly-resampler: Not installed
2025-06-09 22:30:30,530:INFO:             kaleido: 0.2.1
2025-06-09 22:30:30,530:INFO:           schemdraw: 0.15
2025-06-09 22:30:30,530:INFO:         statsmodels: 0.14.4
2025-06-09 22:30:30,531:INFO:              sktime: 0.26.0
2025-06-09 22:30:30,531:INFO:               tbats: 1.1.3
2025-06-09 22:30:30,531:INFO:            pmdarima: 2.0.4
2025-06-09 22:30:30,531:INFO:              psutil: 7.0.0
2025-06-09 22:30:30,531:INFO:          markupsafe: 3.0.2
2025-06-09 22:30:30,531:INFO:             pickle5: Not installed
2025-06-09 22:30:30,531:INFO:         cloudpickle: 3.1.1
2025-06-09 22:30:30,531:INFO:         deprecation: 2.1.0
2025-06-09 22:30:30,531:INFO:              xxhash: 3.5.0
2025-06-09 22:30:30,531:INFO:           wurlitzer: Not installed
2025-06-09 22:30:30,531:INFO:PyCaret optional dependencies:
2025-06-09 22:30:30,679:INFO:                shap: 0.44.1
2025-06-09 22:30:30,679:INFO:           interpret: 0.6.10
2025-06-09 22:30:30,679:INFO:                umap: 0.5.7
2025-06-09 22:30:30,679:INFO:     ydata_profiling: 4.16.1
2025-06-09 22:30:30,679:INFO:  explainerdashboard: 0.4.8
2025-06-09 22:30:30,679:INFO:             autoviz: Not installed
2025-06-09 22:30:30,679:INFO:           fairlearn: 0.7.0
2025-06-09 22:30:30,679:INFO:          deepchecks: Not installed
2025-06-09 22:30:30,679:INFO:             xgboost: Not installed
2025-06-09 22:30:30,679:INFO:            catboost: Not installed
2025-06-09 22:30:30,680:INFO:              kmodes: Not installed
2025-06-09 22:30:30,680:INFO:             mlxtend: Not installed
2025-06-09 22:30:30,680:INFO:       statsforecast: Not installed
2025-06-09 22:30:30,680:INFO:        tune_sklearn: Not installed
2025-06-09 22:30:30,680:INFO:                 ray: Not installed
2025-06-09 22:30:30,680:INFO:            hyperopt: Not installed
2025-06-09 22:30:30,680:INFO:              optuna: Not installed
2025-06-09 22:30:30,680:INFO:               skopt: Not installed
2025-06-09 22:30:30,680:INFO:              mlflow: 2.22.0
2025-06-09 22:30:30,680:INFO:              gradio: Not installed
2025-06-09 22:30:30,680:INFO:             fastapi: 0.115.12
2025-06-09 22:30:30,680:INFO:             uvicorn: 0.34.2
2025-06-09 22:30:30,680:INFO:              m2cgen: Not installed
2025-06-09 22:30:30,680:INFO:           evidently: Not installed
2025-06-09 22:30:30,680:INFO:               fugue: Not installed
2025-06-09 22:30:30,680:INFO:           streamlit: 1.45.1
2025-06-09 22:30:30,680:INFO:             prophet: Not installed
2025-06-09 22:30:30,680:INFO:None
2025-06-09 22:30:30,680:INFO:Set up data.
2025-06-09 22:30:30,682:INFO:Set up index.
2025-06-09 22:30:30,682:INFO:Assigning column types.
2025-06-09 22:30:30,684:INFO:Engine successfully changes for model 'kmeans' to 'sklearn'.
2025-06-09 22:30:30,955:INFO:Engine successfully changes for model 'dbscan' to 'sklearn'.
2025-06-09 22:30:30,956:INFO:Preparing preprocessing pipeline...
2025-06-09 22:30:30,956:INFO:Set up simple imputation.
2025-06-09 22:30:30,957:INFO:Set up encoding of categorical features.
2025-06-09 22:30:30,991:INFO:Finished creating preprocessing pipeline.
2025-06-09 22:30:30,995:INFO:Pipeline: Pipeline(memory=FastMemory(location=C:\Users\JOSECA~1\AppData\Local\Temp\joblib),
         steps=[('numerical_imputer',
                 TransformerWrapper(include=['amount_usd', 'hour',
                                             'is_foreign'],
                                    transformer=SimpleImputer())),
                ('categorical_imputer',
                 TransformerWrapper(include=['merchant_category',
                                             'day_of_week'],
                                    transformer=SimpleImputer(strategy='most_frequent'))),
                ('onehot_encoding',
                 TransformerWrapper(include=['merchant_category',
                                             'day_of_week'],
                                    transformer=OneHotEncoder(cols=['merchant_category',
                                                                    'day_of_week'],
                                                              handle_missing='return_nan',
                                                              use_cat_names=True)))])
2025-06-09 22:30:30,995:INFO:Creating final display dataframe.
2025-06-09 22:30:31,029:INFO:Setup _display_container:                  Description                 Value
0                 Session id                    42
1        Original data shape              (505, 5)
2     Transformed data shape             (505, 15)
3           Numeric features                     3
4       Categorical features                     2
5                 Preprocess                  True
6            Imputation type                simple
7         Numeric imputation                  mean
8     Categorical imputation                  mode
9   Maximum one-hot encoding                    -1
10           Encoding method                  None
11                  CPU Jobs                    -1
12                   Use GPU                 False
13            Log Experiment          MlflowLogger
14           Experiment Name  outlier_detection_tx
15                       USI                  fd4b
2025-06-09 22:30:31,032:INFO:Logging experiment in loggers
2025-06-09 22:30:31,592:INFO:SubProcess save_model() called ==================================
2025-06-09 22:30:31,602:INFO:Initializing save_model()
2025-06-09 22:30:31,602:INFO:save_model(model=Pipeline(memory=FastMemory(location=C:\Users\JOSECA~1\AppData\Local\Temp\joblib),
         steps=[('numerical_imputer',
                 TransformerWrapper(include=['amount_usd', 'hour',
                                             'is_foreign'],
                                    transformer=SimpleImputer())),
                ('categorical_imputer',
                 TransformerWrapper(include=['merchant_category',
                                             'day_of_week'],
                                    transformer=SimpleImputer(strategy='most_frequent'))),
                ('onehot_encoding',
                 TransformerWrapper(include=['merchant_category',
                                             'day_of_week'],
                                    transformer=OneHotEncoder(cols=['merchant_category',
                                                                    'day_of_week'],
                                                              handle_missing='return_nan',
                                                              use_cat_names=True)))]), model_name=C:\Users\JOSECA~1\AppData\Local\Temp\tmp18jxufsk\Transformation Pipeline, prep_pipe_=Pipeline(memory=FastMemory(location=C:\Users\JOSECA~1\AppData\Local\Temp\joblib),
         steps=[('numerical_imputer',
                 TransformerWrapper(include=['amount_usd', 'hour',
                                             'is_foreign'],
                                    transformer=SimpleImputer())),
                ('categorical_imputer',
                 TransformerWrapper(include=['merchant_category',
                                             'day_of_week'],
                                    transformer=SimpleImputer(strategy='most_frequent'))),
                ('onehot_encoding',
                 TransformerWrapper(include=['merchant_category',
                                             'day_of_week'],
                                    transformer=OneHotEncoder(cols=['merchant_category',
                                                                    'day_of_week'],
                                                              handle_missing='return_nan',
                                                              use_cat_names=True)))]), verbose=False, use_case=MLUsecase.ANOMALY, kwargs={})
2025-06-09 22:30:31,602:INFO:Adding model into prep_pipe
2025-06-09 22:30:31,602:WARNING:Only Model saved as it was a pipeline.
2025-06-09 22:30:31,615:INFO:C:\Users\JOSECA~1\AppData\Local\Temp\tmp18jxufsk\Transformation Pipeline.pkl saved in current working directory
2025-06-09 22:30:31,619:INFO:Pipeline(memory=FastMemory(location=C:\Users\JOSECA~1\AppData\Local\Temp\joblib),
         steps=[('numerical_imputer',
                 TransformerWrapper(include=['amount_usd', 'hour',
                                             'is_foreign'],
                                    transformer=SimpleImputer())),
                ('categorical_imputer',
                 TransformerWrapper(include=['merchant_category',
                                             'day_of_week'],
                                    transformer=SimpleImputer(strategy='most_frequent'))),
                ('onehot_encoding',
                 TransformerWrapper(include=['merchant_category',
                                             'day_of_week'],
                                    transformer=OneHotEncoder(cols=['merchant_category',
                                                                    'day_of_week'],
                                                              handle_missing='return_nan',
                                                              use_cat_names=True)))])
2025-06-09 22:30:31,619:INFO:save_model() successfully completed......................................
2025-06-09 22:30:31,729:INFO:SubProcess save_model() end ==================================
2025-06-09 22:30:31,796:INFO:setup() successfully completed in 0.65s...............
2025-06-09 22:30:31,796:INFO:Initializing create_model()
2025-06-09 22:30:31,796:INFO:create_model(self=<pycaret.anomaly.oop.AnomalyExperiment object at 0x000001F07A14E8D0>, estimator=iforest, num_clusters=4, fraction=0.05, ground_truth=None, round=4, fit_kwargs=None, experiment_custom_tags=None, verbose=True, system=True, add_to_model_list=True, raise_num_clusters=False, display=None, kwargs={})
2025-06-09 22:30:31,796:INFO:Checking exceptions
2025-06-09 22:30:31,827:INFO:Importing untrained model
2025-06-09 22:30:31,827:INFO:Isolation Forest Imported successfully
2025-06-09 22:30:31,829:INFO:Fitting Model
2025-06-09 22:30:31,997:INFO:IForest(behaviour='new', bootstrap=False, contamination=0.05,
    max_features=1.0, max_samples='auto', n_estimators=100, n_jobs=-1,
    random_state=42, verbose=0)
2025-06-09 22:30:31,997:INFO:create_models() successfully completed......................................
2025-06-09 22:30:31,997:INFO:Creating Dashboard logs
2025-06-09 22:30:31,997:INFO:Model: Isolation Forest
2025-06-09 22:30:32,069:INFO:Logged params: {'behaviour': 'new', 'bootstrap': False, 'contamination': 0.05, 'max_features': 1.0, 'max_samples': 'auto', 'n_estimators': 100, 'n_jobs': -1, 'random_state': 42, 'verbose': 0}
2025-06-09 22:30:32,229:WARNING:C:\env\ml\Lib\site-packages\_distutils_hack\__init__.py:33: UserWarning: Setuptools is replacing distutils.
  warnings.warn("Setuptools is replacing distutils.")

2025-06-09 22:30:33,396:INFO:Uploading results into container
2025-06-09 22:30:33,396:INFO:Uploading model into container now
2025-06-09 22:30:33,396:INFO:_master_model_container: 1
2025-06-09 22:30:33,396:INFO:_display_container: 1
2025-06-09 22:30:33,397:INFO:IForest(behaviour='new', bootstrap=False, contamination=0.05,
    max_features=1.0, max_samples='auto', n_estimators=100, n_jobs=-1,
    random_state=42, verbose=0)
2025-06-09 22:30:33,397:INFO:create_model() successfully completed......................................
2025-06-09 22:30:33,504:INFO:Initializing save_model()
2025-06-09 22:30:33,504:INFO:save_model(model=IForest(behaviour='new', bootstrap=False, contamination=0.05,
    max_features=1.0, max_samples='auto', n_estimators=100, n_jobs=-1,
    random_state=42, verbose=0), model_name=outlier_model, prep_pipe_=Pipeline(memory=FastMemory(location=C:\Users\JOSECA~1\AppData\Local\Temp\joblib),
         steps=[('numerical_imputer',
                 TransformerWrapper(include=['amount_usd', 'hour',
                                             'is_foreign'],
                                    transformer=SimpleImputer())),
                ('categorical_imputer',
                 TransformerWrapper(include=['merchant_category',
                                             'day_of_week'],
                                    transformer=SimpleImputer(strategy='most_frequent'))),
                ('onehot_encoding',
                 TransformerWrapper(include=['merchant_category',
                                             'day_of_week'],
                                    transformer=OneHotEncoder(cols=['merchant_category',
                                                                    'day_of_week'],
                                                              handle_missing='return_nan',
                                                              use_cat_names=True)))]), verbose=True, use_case=MLUsecase.ANOMALY, kwargs={})
2025-06-09 22:30:33,504:INFO:Adding model into prep_pipe
2025-06-09 22:30:33,539:INFO:outlier_model.pkl saved in current working directory
2025-06-09 22:30:33,545:INFO:Pipeline(memory=Memory(location=None),
         steps=[('numerical_imputer',
                 TransformerWrapper(include=['amount_usd', 'hour',
                                             'is_foreign'],
                                    transformer=SimpleImputer())),
                ('categorical_imputer',
                 TransformerWrapper(include=['merchant_category',
                                             'day_of_week'],
                                    transformer=SimpleImputer(strategy='most_frequent'))),
                ('onehot_encoding',
                 TransformerWrapper(include=['merchant_category',
                                             'day_of_week'],
                                    transformer=OneHotEncoder(cols=['merchant_category',
                                                                    'day_of_week'],
                                                              handle_missing='return_nan',
                                                              use_cat_names=True))),
                ('trained_model',
                 IForest(behaviour='new', bootstrap=False, contamination=0.05,
    max_features=1.0, max_samples='auto', n_estimators=100, n_jobs=-1,
    random_state=42, verbose=0))])
2025-06-09 22:30:33,545:INFO:save_model() successfully completed......................................
2025-06-09 22:31:28,668:WARNING:
'cuml' is a soft dependency and not included in the pycaret installation. Please run: `pip install cuml` to install.
2025-06-09 22:31:28,668:WARNING:
'cuml' is a soft dependency and not included in the pycaret installation. Please run: `pip install cuml` to install.
2025-06-09 22:31:28,668:WARNING:
'cuml' is a soft dependency and not included in the pycaret installation. Please run: `pip install cuml` to install.
2025-06-09 22:31:28,668:WARNING:
'cuml' is a soft dependency and not included in the pycaret installation. Please run: `pip install cuml` to install.
2025-06-09 22:31:30,345:INFO:Initializing load_model()
2025-06-09 22:31:30,346:INFO:load_model(model_name=outlier_model, platform=None, authentication=None, verbose=True)
2025-06-09 22:32:33,813:INFO:Initializing predict_model()
2025-06-09 22:32:33,813:INFO:predict_model(self=<pycaret.anomaly.oop.AnomalyExperiment object at 0x0000029BC71DA250>, estimator=Pipeline(memory=Memory(location=None),
         steps=[('numerical_imputer',
                 TransformerWrapper(include=['amount_usd', 'hour',
                                             'is_foreign'],
                                    transformer=SimpleImputer())),
                ('categorical_imputer',
                 TransformerWrapper(include=['merchant_category',
                                             'day_of_week'],
                                    transformer=SimpleImputer(strategy='most_frequent'))),
                ('onehot_encoding',
                 TransformerWrapper(include=['merchant_category',
                                             'day_of_week'],
                                    transformer=OneHotEncoder(cols=['merchant_category',
                                                                    'day_of_week'],
                                                              handle_missing='return_nan',
                                                              use_cat_names=True))),
                ('trained_model',
                 IForest(behaviour='new', bootstrap=False, contamination=0.05,
    max_features=1.0, max_samples='auto', n_estimators=100, n_jobs=-1,
    random_state=42, verbose=0))]), ml_usecase=None)
2025-06-09 22:32:33,813:INFO:Set up data.
2025-06-09 22:32:33,830:WARNING:C:\env\ml\Lib\site-packages\sklearn\base.py:486: UserWarning: X has feature names, but IsolationForest was fitted without feature names
  warnings.warn(

2025-06-09 22:32:33,844:WARNING:C:\env\ml\Lib\site-packages\sklearn\base.py:486: UserWarning: X has feature names, but IsolationForest was fitted without feature names
  warnings.warn(

2025-06-09 22:33:27,371:INFO:Initializing predict_model()
2025-06-09 22:33:27,371:INFO:predict_model(self=<pycaret.anomaly.oop.AnomalyExperiment object at 0x0000029BC77B1090>, estimator=Pipeline(memory=Memory(location=None),
         steps=[('numerical_imputer',
                 TransformerWrapper(include=['amount_usd', 'hour',
                                             'is_foreign'],
                                    transformer=SimpleImputer())),
                ('categorical_imputer',
                 TransformerWrapper(include=['merchant_category',
                                             'day_of_week'],
                                    transformer=SimpleImputer(strategy='most_frequent'))),
                ('onehot_encoding',
                 TransformerWrapper(include=['merchant_category',
                                             'day_of_week'],
                                    transformer=OneHotEncoder(cols=['merchant_category',
                                                                    'day_of_week'],
                                                              handle_missing='return_nan',
                                                              use_cat_names=True))),
                ('trained_model',
                 IForest(behaviour='new', bootstrap=False, contamination=0.05,
    max_features=1.0, max_samples='auto', n_estimators=100, n_jobs=-1,
    random_state=42, verbose=0))]), ml_usecase=None)
2025-06-09 22:33:27,372:INFO:Set up data.
2025-06-09 22:33:27,397:WARNING:C:\env\ml\Lib\site-packages\sklearn\base.py:486: UserWarning: X has feature names, but IsolationForest was fitted without feature names
  warnings.warn(

2025-06-09 22:33:27,422:WARNING:C:\env\ml\Lib\site-packages\sklearn\base.py:486: UserWarning: X has feature names, but IsolationForest was fitted without feature names
  warnings.warn(

2025-06-09 22:35:50,951:INFO:Initializing predict_model()
2025-06-09 22:35:50,951:INFO:predict_model(self=<pycaret.anomaly.oop.AnomalyExperiment object at 0x0000029BC79C7290>, estimator=Pipeline(memory=Memory(location=None),
         steps=[('numerical_imputer',
                 TransformerWrapper(include=['amount_usd', 'hour',
                                             'is_foreign'],
                                    transformer=SimpleImputer())),
                ('categorical_imputer',
                 TransformerWrapper(include=['merchant_category',
                                             'day_of_week'],
                                    transformer=SimpleImputer(strategy='most_frequent'))),
                ('onehot_encoding',
                 TransformerWrapper(include=['merchant_category',
                                             'day_of_week'],
                                    transformer=OneHotEncoder(cols=['merchant_category',
                                                                    'day_of_week'],
                                                              handle_missing='return_nan',
                                                              use_cat_names=True))),
                ('trained_model',
                 IForest(behaviour='new', bootstrap=False, contamination=0.05,
    max_features=1.0, max_samples='auto', n_estimators=100, n_jobs=-1,
    random_state=42, verbose=0))]), ml_usecase=None)
2025-06-09 22:35:50,951:INFO:Set up data.
2025-06-09 22:35:50,965:WARNING:C:\env\ml\Lib\site-packages\sklearn\base.py:486: UserWarning: X has feature names, but IsolationForest was fitted without feature names
  warnings.warn(

2025-06-09 22:35:50,981:WARNING:C:\env\ml\Lib\site-packages\sklearn\base.py:486: UserWarning: X has feature names, but IsolationForest was fitted without feature names
  warnings.warn(

